<?xml version="1.0" encoding="UTF-8"?>
<testsuite name="com.userregistration.UserRegistrationTest" tests="1" skipped="0" failures="0" errors="0" timestamp="2021-05-13T06:14:13" hostname="THE-VUPPUKARI" time="0.023">
  <properties/>
  <testcase name="validateEmail()" classname="com.userregistration.UserRegistrationTest" time="0.023"/>
  <system-out><![CDATA[]]></system-out>
  <system-err><![CDATA[]]></system-err>
</testsuite>
